2021-11-28 11:13:42.805 INFO  com.jiawa.wiki.config.WikiApplication             :55   [32m                  [0;39m Starting WikiApplication using Java 17.0.1 on DESKTOP-8V065KT with PID 9624 (E:\程序\Java\wiki\wiki\target\classes started by Undefeated604 in E:\程序\Java\wiki\wiki)
2021-11-28 11:13:42.807 INFO  com.jiawa.wiki.config.WikiApplication             :635  [32m                  [0;39m No active profile set, falling back to default profiles: default
2021-11-28 11:13:42.839 INFO  o.s.b.d.env.DevToolsPropertyDefaultsPostProcessor :255  [32m                  [0;39m Devtools property defaults active! Set 'spring.devtools.add-properties' to 'false' to disable
2021-11-28 11:13:42.839 INFO  o.s.b.d.env.DevToolsPropertyDefaultsPostProcessor :255  [32m                  [0;39m For additional web related logging consider setting the 'logging.level.web' property to 'DEBUG'
2021-11-28 11:13:43.471 INFO  o.s.boot.web.embedded.tomcat.TomcatWebServer      :108  [32m                  [0;39m Tomcat initialized with port(s): 8085 (http)
2021-11-28 11:13:43.480 INFO  org.apache.coyote.http11.Http11NioProtocol        :173  [32m                  [0;39m Initializing ProtocolHandler ["http-nio-8085"]
2021-11-28 11:13:43.480 INFO  org.apache.catalina.core.StandardService          :173  [32m                  [0;39m Starting service [Tomcat]
2021-11-28 11:13:43.480 INFO  org.apache.catalina.core.StandardEngine           :173  [32m                  [0;39m Starting Servlet engine: [Apache Tomcat/9.0.55]
2021-11-28 11:13:43.533 INFO  o.a.c.core.ContainerBase.[Tomcat].[localhost].[/] :173  [32m                  [0;39m Initializing Spring embedded WebApplicationContext
2021-11-28 11:13:43.533 INFO  o.s.b.w.s.c.ServletWebServerApplicationContext    :290  [32m                  [0;39m Root WebApplicationContext: initialization completed in 691 ms
2021-11-28 11:13:43.903 INFO  o.s.b.d.autoconfigure.OptionalLiveReloadServer    :58   [32m                  [0;39m LiveReload server is running on port 35729
2021-11-28 11:13:43.915 INFO  org.apache.coyote.http11.Http11NioProtocol        :173  [32m                  [0;39m Starting ProtocolHandler ["http-nio-8085"]
2021-11-28 11:13:43.941 INFO  o.s.boot.web.embedded.tomcat.TomcatWebServer      :220  [32m                  [0;39m Tomcat started on port(s): 8085 (http) with context path ''
2021-11-28 11:13:43.949 INFO  com.jiawa.wiki.config.WikiApplication             :61   [32m                  [0;39m Started WikiApplication in 1.444 seconds (JVM running for 1.98)
2021-11-28 11:13:43.951 INFO  com.jiawa.wiki.config.WikiApplication             :26   [32m                  [0;39m 启动成功！！
2021-11-28 11:13:43.952 INFO  com.jiawa.wiki.config.WikiApplication             :27   [32m                  [0;39m 地址：	http：//127.0.0.1:8085
2021-11-28 11:21:59.829 INFO  com.jiawa.wiki.config.WikiApplication             :55   [32m                  [0;39m Starting WikiApplication using Java 17.0.1 on DESKTOP-8V065KT with PID 9624 (E:\程序\Java\wiki\wiki\target\classes started by Undefeated604 in E:\程序\Java\wiki\wiki)
2021-11-28 11:21:59.829 INFO  com.jiawa.wiki.config.WikiApplication             :635  [32m                  [0;39m No active profile set, falling back to default profiles: default
2021-11-28 11:21:59.967 INFO  o.s.boot.web.embedded.tomcat.TomcatWebServer      :108  [32m                  [0;39m Tomcat initialized with port(s): 8085 (http)
2021-11-28 11:21:59.967 INFO  org.apache.coyote.http11.Http11NioProtocol        :173  [32m                  [0;39m Initializing ProtocolHandler ["http-nio-8085"]
2021-11-28 11:21:59.968 INFO  org.apache.catalina.core.StandardService          :173  [32m                  [0;39m Starting service [Tomcat]
2021-11-28 11:21:59.968 INFO  org.apache.catalina.core.StandardEngine           :173  [32m                  [0;39m Starting Servlet engine: [Apache Tomcat/9.0.55]
2021-11-28 11:21:59.980 INFO  o.a.c.core.ContainerBase.[Tomcat].[localhost].[/] :173  [32m                  [0;39m Initializing Spring embedded WebApplicationContext
2021-11-28 11:21:59.980 INFO  o.s.b.w.s.c.ServletWebServerApplicationContext    :290  [32m                  [0;39m Root WebApplicationContext: initialization completed in 149 ms
2021-11-28 11:22:00.072 INFO  o.s.b.d.autoconfigure.OptionalLiveReloadServer    :58   [32m                  [0;39m LiveReload server is running on port 35729
2021-11-28 11:22:00.077 INFO  org.apache.coyote.http11.Http11NioProtocol        :173  [32m                  [0;39m Starting ProtocolHandler ["http-nio-8085"]
2021-11-28 11:22:00.078 INFO  o.s.boot.web.embedded.tomcat.TomcatWebServer      :220  [32m                  [0;39m Tomcat started on port(s): 8085 (http) with context path ''
2021-11-28 11:22:00.081 INFO  com.jiawa.wiki.config.WikiApplication             :61   [32m                  [0;39m Started WikiApplication in 0.28 seconds (JVM running for 498.112)
2021-11-28 11:22:00.082 INFO  o.s.b.d.a.ConditionEvaluationDeltaLoggingListener :63   [32m                  [0;39m Condition evaluation unchanged
2021-11-28 11:22:00.082 INFO  com.jiawa.wiki.config.WikiApplication             :26   [32m                  [0;39m 启动成功！！
2021-11-28 11:22:00.082 INFO  com.jiawa.wiki.config.WikiApplication             :27   [32m                  [0;39m 地址：	http：//127.0.0.1:8085
2021-11-28 11:22:08.988 INFO  o.a.c.core.ContainerBase.[Tomcat].[localhost].[/] :173  [32m                  [0;39m Initializing Spring DispatcherServlet 'dispatcherServlet'
2021-11-28 11:22:08.988 INFO  org.springframework.web.servlet.DispatcherServlet :525  [32m                  [0;39m Initializing Servlet 'dispatcherServlet'
2021-11-28 11:22:08.989 INFO  org.springframework.web.servlet.DispatcherServlet :547  [32m                  [0;39m Completed initialization in 1 ms
2021-11-28 11:22:09.019 INFO  com.zaxxer.hikari.HikariDataSource                :110  [32m                  [0;39m HikariPool-1 - Starting...
2021-11-28 11:22:09.173 INFO  com.zaxxer.hikari.HikariDataSource                :123  [32m                  [0;39m HikariPool-1 - Start completed.
2021-11-28 11:48:38.401 INFO  com.zaxxer.hikari.HikariDataSource                :350  [32m                  [0;39m HikariPool-1 - Shutdown initiated...
2021-11-28 11:48:38.408 INFO  com.zaxxer.hikari.HikariDataSource                :352  [32m                  [0;39m HikariPool-1 - Shutdown completed.
2021-11-28 11:48:38.468 INFO  com.jiawa.wiki.config.WikiApplication             :55   [32m                  [0;39m Starting WikiApplication using Java 17.0.1 on DESKTOP-8V065KT with PID 9624 (E:\程序\Java\wiki\wiki\target\classes started by Undefeated604 in E:\程序\Java\wiki\wiki)
2021-11-28 11:48:38.468 INFO  com.jiawa.wiki.config.WikiApplication             :635  [32m                  [0;39m No active profile set, falling back to default profiles: default
2021-11-28 11:48:38.606 INFO  o.s.boot.web.embedded.tomcat.TomcatWebServer      :108  [32m                  [0;39m Tomcat initialized with port(s): 8085 (http)
2021-11-28 11:48:38.606 INFO  org.apache.coyote.http11.Http11NioProtocol        :173  [32m                  [0;39m Initializing ProtocolHandler ["http-nio-8085"]
2021-11-28 11:48:38.606 INFO  org.apache.catalina.core.StandardService          :173  [32m                  [0;39m Starting service [Tomcat]
2021-11-28 11:48:38.607 INFO  org.apache.catalina.core.StandardEngine           :173  [32m                  [0;39m Starting Servlet engine: [Apache Tomcat/9.0.55]
2021-11-28 11:48:38.617 INFO  o.a.c.core.ContainerBase.[Tomcat].[localhost].[/] :173  [32m                  [0;39m Initializing Spring embedded WebApplicationContext
2021-11-28 11:48:38.617 INFO  o.s.b.w.s.c.ServletWebServerApplicationContext    :290  [32m                  [0;39m Root WebApplicationContext: initialization completed in 147 ms
2021-11-28 11:48:38.719 INFO  o.s.b.d.autoconfigure.OptionalLiveReloadServer    :58   [32m                  [0;39m LiveReload server is running on port 35729
2021-11-28 11:48:38.724 INFO  org.apache.coyote.http11.Http11NioProtocol        :173  [32m                  [0;39m Starting ProtocolHandler ["http-nio-8085"]
2021-11-28 11:48:38.726 INFO  o.s.boot.web.embedded.tomcat.TomcatWebServer      :220  [32m                  [0;39m Tomcat started on port(s): 8085 (http) with context path ''
2021-11-28 11:48:38.729 INFO  com.jiawa.wiki.config.WikiApplication             :61   [32m                  [0;39m Started WikiApplication in 0.286 seconds (JVM running for 2096.76)
2021-11-28 11:48:38.730 INFO  o.s.b.d.a.ConditionEvaluationDeltaLoggingListener :63   [32m                  [0;39m Condition evaluation unchanged
2021-11-28 11:48:38.730 INFO  com.jiawa.wiki.config.WikiApplication             :26   [32m                  [0;39m 启动成功！！
2021-11-28 11:48:38.730 INFO  com.jiawa.wiki.config.WikiApplication             :27   [32m                  [0;39m 地址：	http：//127.0.0.1:8085
2021-11-28 11:48:40.499 INFO  o.a.c.core.ContainerBase.[Tomcat].[localhost].[/] :173  [32m                  [0;39m Initializing Spring DispatcherServlet 'dispatcherServlet'
2021-11-28 11:48:40.500 INFO  org.springframework.web.servlet.DispatcherServlet :525  [32m                  [0;39m Initializing Servlet 'dispatcherServlet'
2021-11-28 11:48:40.501 INFO  org.springframework.web.servlet.DispatcherServlet :547  [32m                  [0;39m Completed initialization in 1 ms
2021-11-28 11:48:40.501 INFO  com.zaxxer.hikari.HikariDataSource                :110  [32m                  [0;39m HikariPool-2 - Starting...
2021-11-28 11:48:40.518 INFO  com.zaxxer.hikari.HikariDataSource                :123  [32m                  [0;39m HikariPool-2 - Start completed.
